<?xml version="1.0" encoding="UTF-8"?>
<testsuite xmlns:xsi="http://www.w3.org/2001/XMLSchema-instance" xsi:noNamespaceSchemaLocation="https://maven.apache.org/surefire/maven-failsafe-plugin/xsd/failsafe-test-report-3.0.xsd" version="3.0" name="Test All Customer Data Apis" time="4.913" tests="1" errors="1" skipped="0" failures="0">
  <properties>
[...]
</properties>
  <testcase name="Customer DELETE API to delete customer by Id" classname="Test All Customer Data Apis" time="4.913">
    <error type="java.lang.NullPointerException"><![CDATA[java.lang.NullPointerException
]]></error>
    <system-out><![CDATA[18:51:58.690 [main] WARN io.cucumber.junit.CucumberSerenityRunner - By default Cucumber is running in --non-strict mode.
This default will change to --strict and --non-strict will be removed.
You can use --strict or @CucumberOptions(strict = true) to suppress this warning

Feature from file:///C:/Users/Arpit%20Goyal/Downloads/IDEMIA/ELedger%20main/EledgerUser/UserBdd/src/test/resources/feature/customers/customers.feature
18:52:00.890 [pool-1-thread-1] INFO  - 

-------------------------------------------------------------------------------------
     _______. _______ .______       _______ .__   __.  __  .___________.____    ____ 
    /       ||   ____||   _  \     |   ____||  \ |  | |  | |           |\   \  /   / 
   |   (----`|  |__   |  |_)  |    |  |__   |   \|  | |  | `---|  |----` \   \/   /  
    \   \    |   __|  |      /     |   __|  |  . `  | |  |     |  |       \_    _/   
.----)   |   |  |____ |  |\  \----.|  |____ |  |\   | |  |     |  |         |  |     
|_______/    |_______|| _| `._____||_______||__| \__| |__|     |__|         |__|    
                                                                                     
 News and tutorials at http://www.serenity-bdd.info                                  
 Documentation at https://wakaleo.gitbooks.io/the-serenity-book/content/             
 Join the Serenity Community on Gitter: https://gitter.im/serenity-bdd/serenity-core 
 Serenity BDD Support and Training at http://serenity-bdd.info/#/trainingandsupport  
 Learn Serenity BDD online at https://www.serenitydojo.net                           
-------------------------------------------------------------------------------------


18:52:00.899 [pool-1-thread-1] DEBUG net.thucydides.core.steps.StepEventBus - Test suite started for story net.thucydides.core.model.Story@9f8b5bd3

18:52:00.909 [pool-1-thread-1] INFO  - Test Suite Started: Test All Customer Data Apis

Feature from file:///C:/Users/Arpit%20Goyal/Downloads/IDEMIA/ELedger%20main/EledgerUser/UserBdd/src/test/resources/feature/lender/lender.feature
18:52:01.013 [pool-1-thread-1] DEBUG net.thucydides.core.steps.StepEventBus - Test suite started for story net.thucydides.core.model.Story@a808732e

18:52:01.016 [pool-1-thread-1] INFO  - Test Suite Started: Test Lender Data API

18:52:05.949 [pool-1-thread-1] ERROR  - 
         __  _____ _____ ____ _____   _____ ____  ____   ___  ____  
 _      / / |_   _| ____/ ___|_   _| | ____|  _ \|  _ \ / _ \|  _ \ 
(_)____| |    | | |  _| \___ \ | |   |  _| | |_) | |_) | | | | |_) |
 |_____| |    | | | |___ ___) || |   | |___|  _ <|  _ <| |_| |  _ < 
(_)    | |    |_| |_____|____/ |_|   |_____|_| \_\_| \_\\___/|_| \_\
        \_\                                                         

Customer DELETE API to delete customer by Id
---------------------------------------------------------------------

18:52:05.957 [pool-1-thread-1] DEBUG  - RELATED ISSUES: 

18:52:06.171 [pool-1-thread-1] ERROR  -     Test failed at step: Delete customer by id: 133

18:52:06.172 [pool-1-thread-1] ERROR  -     


&amp#27;[31mFailed scenarios:&amp#27;[0m
&amp#27;[31mfile:///C:/Users/Arpit%20Goyal/Downloads/IDEMIA/ELedger%20main/EledgerUser/UserBdd/src/test/resources/feature/customers/customers.feature:34&amp#27;[0m
# Customer DELETE API to delete customer by Id

1
 Scenarios (
&amp#27;[31m1 failed&amp#27;[0m
)
3
 Steps (
&amp#27;[31m1 failed&amp#27;[0m
, 
&amp#27;[36m1 skipped&amp#27;[0m
, 
&amp#27;[32m1 passed&amp#27;[0m
)
0m
5.856s


java.lang.NullPointerException
	at in.pune.royforge.eledgerUser.cucumber.serenity.CustomersImpl.deleteCustomerById(CustomersImpl.java:58)
	at in.pune.royforge.eledgerUser.cucumber.serenity.CustomersImpl$ByteBuddy$UAg4L11j.deleteCustomerById$accessor$Ku2PCuPM(Unknown Source)
	at java.base/jdk.internal.reflect.NativeMethodAccessorImpl.invoke0(Native Method)
	at java.base/jdk.internal.reflect.NativeMethodAccessorImpl.invoke(NativeMethodAccessorImpl.java:62)
	at java.base/jdk.internal.reflect.DelegatingMethodAccessorImpl.invoke(DelegatingMethodAccessorImpl.java:43)
	at java.base/java.lang.reflect.Method.invoke(Method.java:567)
	at net.thucydides.core.steps.StepInterceptor.invokeMethod(StepInterceptor.java:488)
	at net.thucydides.core.steps.StepInterceptor.executeTestStepMethod(StepInterceptor.java:468)
	at net.thucydides.core.steps.StepInterceptor.runTestStep(StepInterceptor.java:441)
	at net.thucydides.core.steps.StepInterceptor.runOrSkipMethod(StepInterceptor.java:197)
	at net.thucydides.core.steps.StepInterceptor.testStepResult(StepInterceptor.java:184)
	at net.thucydides.core.steps.StepInterceptor.intercept(StepInterceptor.java:77)
	at in.pune.royforge.eledgerUser.cucumber.serenity.CustomersImpl$ByteBuddy$UAg4L11j.deleteCustomerById(Unknown Source)
	at in.pune.royforge.eledgerUser.cucumber.steps.CustomerSteps.IProvideTheIdForCustomerDeleteApi(CustomerSteps.java:92)
	at ✽.I provide the id '133' for Customer DELETE API(file:///C:/Users/Arpit%20Goyal/Downloads/IDEMIA/ELedger%20main/EledgerUser/UserBdd/src/test/resources/feature/customers/customers.feature:36)


18:52:06.198 [pool-1-thread-1] DEBUG net.thucydides.core.reports.ReportService - Reporting formats: [JSON, HTML]

18:52:06.478 [pool-1-thread-1] DEBUG net.thucydides.core.reports.ReportService - Reporting formats: [JSON, HTML]

18:52:06.497 [pool-1-thread-1] DEBUG net.thucydides.core.reports.ReportService - Generating reports for 1 test outcomes using: net.thucydides.core.reports.json.JSONTestOutcomeReporter@2ad7deed

18:52:06.501 [pool-1-thread-1] DEBUG net.thucydides.core.reports.ReportService - Processing test outcome Test All Customer Data Apis:Customer DELETE API to delete customer by Id

18:52:06.502 [pool-1-thread-1] DEBUG net.thucydides.core.reports.ReportService - net.thucydides.core.reports.json.JSONTestOutcomeReporter@2ad7deed: Generating report for test outcome: Test All Customer Data Apis:Customer DELETE API to delete customer by Id

18:52:06.525 [pool-1-thread-1] DEBUG net.thucydides.core.reports.json.JSONTestOutcomeReporter - Generating JSON report for Customer DELETE API to delete customer by Id to file C:\Users\Arpit Goyal\Downloads\IDEMIA\ELedger main\EledgerUser\UserBdd\target\site\serenity\b5be86e6630ed62cf29c7f5e24656753439bad5b4e441f28cb11ce08e60d0f50.json (using temp file C:\Users\Arpit Goyal\Downloads\IDEMIA\ELedger main\EledgerUser\UserBdd\target\site\serenity\b5be86e6630ed62cf29c7f5e24656753439bad5b4e441f28cb11ce08e60d0f50.jsonf8627d33-a4c3-4d5a-8854-f4b2cc8341dd)

18:52:06.648 [pool-1-thread-1] DEBUG net.thucydides.core.reports.ReportService - Processing test outcome Test All Customer Data Apis:Customer DELETE API to delete customer by Id done

18:52:06.649 [pool-1-thread-1] DEBUG net.thucydides.core.reports.ReportService - Shutting down executor service

18:52:06.650 [pool-1-thread-1] DEBUG net.thucydides.core.reports.ReportService - Reports generated in: 152 ms

18:52:06.650 [pool-1-thread-1] DEBUG net.thucydides.core.reports.ReportService - Generating reports for 1 test outcomes using: net.thucydides.core.reports.html.HtmlAcceptanceTestReporter@6561750a

18:52:06.652 [pool-2-thread-1] DEBUG net.thucydides.core.reports.ReportService - Processing test outcome Test All Customer Data Apis:Customer DELETE API to delete customer by Id

18:52:06.653 [pool-2-thread-1] DEBUG net.thucydides.core.reports.ReportService - net.thucydides.core.reports.html.HtmlAcceptanceTestReporter@6561750a: Generating report for test outcome: Test All Customer Data Apis:Customer DELETE API to delete customer by Id

18:52:06.654 [pool-2-thread-1] DEBUG net.thucydides.core.reports.html.HtmlAcceptanceTestReporter - GENERATE TEST OUTCOME REPORT FOR Customer DELETE API to delete customer by Id in b5be86e6630ed62cf29c7f5e24656753439bad5b4e441f28cb11ce08e60d0f50

18:52:06.692 [pool-2-thread-1] DEBUG net.thucydides.core.requirements.RequirementsTagProvider -  found:[]

18:52:06.713 [pool-2-thread-1] WARN net.thucydides.core.requirements.RequirementsTagProvider - Failed to load requirements: Illegal char <:> at index 4: file:///C:/Users/Arpit%20Goyal/Downloads/IDEMIA/ELedger%20main/EledgerUser/UserBdd/src/test/resources/feature/customers/customers.feature
java.nio.file.InvalidPathException: Illegal char <:> at index 4: file:///C:/Users/Arpit%20Goyal/Downloads/IDEMIA/ELedger%20main/EledgerUser/UserBdd/src/test/resources/feature/customers/customers.feature
	at java.base/sun.nio.fs.WindowsPathParser.normalize(WindowsPathParser.java:182)
	at java.base/sun.nio.fs.WindowsPathParser.parse(WindowsPathParser.java:153)
	at java.base/sun.nio.fs.WindowsPathParser.parse(WindowsPathParser.java:77)
	at java.base/sun.nio.fs.WindowsPath.parse(WindowsPath.java:92)
	at java.base/sun.nio.fs.WindowsFileSystem.getPath(WindowsFileSystem.java:229)
	at java.base/java.nio.file.Path.of(Path.java:147)
	at java.base/java.nio.file.Paths.get(Paths.java:69)
	at net.thucydides.core.requirements.RootDirectory.getRelativePathOf(RootDirectory.java:360)
	at net.thucydides.core.requirements.FileSystemRequirementsTagProvider.requirementWithMatchingPath(FileSystemRequirementsTagProvider.java:378)
	at net.thucydides.core.requirements.FileSystemRequirementsTagProvider.getParentRequirementOf(FileSystemRequirementsTagProvider.java:341)
	at net.thucydides.core.requirements.ParentRequirementsProvided.forOutcome(ParentRequirementsProvided.java:26)
	at net.thucydides.core.requirements.BaseRequirementsService.getParentRequirementOf(BaseRequirementsService.java:138)
	at net.thucydides.core.requirements.BaseRequirementsService.getParentRequirementFor(BaseRequirementsService.java:48)
	at net.thucydides.core.reports.html.HtmlAcceptanceTestReporter.addParentRequirmentFieldToContext(HtmlAcceptanceTestReporter.java:171)
	at net.thucydides.core.reports.html.HtmlAcceptanceTestReporter.addTestOutcomeToContext(HtmlAcceptanceTestReporter.java:165)
	at net.thucydides.core.reports.html.HtmlAcceptanceTestReporter.generateReportFor(HtmlAcceptanceTestReporter.java:107)
	at net.thucydides.core.reports.ReportService.generateReportFor(ReportService.java:239)
	at net.thucydides.core.reports.ReportService.lambda$generateReportsFor$0(ReportService.java:177)
	at java.base/java.util.concurrent.Executors$RunnableAdapter.call(Executors.java:515)
	at java.base/java.util.concurrent.FutureTask.run(FutureTask.java:264)
	at java.base/java.util.concurrent.ThreadPoolExecutor.runWorker(ThreadPoolExecutor.java:1128)
	at java.base/java.util.concurrent.ThreadPoolExecutor$Worker.run(ThreadPoolExecutor.java:628)
	at java.base/java.lang.Thread.run(Thread.java:830)

18:52:06.739 [pool-2-thread-1] WARN net.thucydides.core.requirements.RequirementsTagProvider - Failed to load requirements: Illegal char <:> at index 4: file:///C:/Users/Arpit%20Goyal/Downloads/IDEMIA/ELedger%20main/EledgerUser/UserBdd/src/test/resources/feature/customers/customers.feature
java.nio.file.InvalidPathException: Illegal char <:> at index 4: file:///C:/Users/Arpit%20Goyal/Downloads/IDEMIA/ELedger%20main/EledgerUser/UserBdd/src/test/resources/feature/customers/customers.feature
	at java.base/sun.nio.fs.WindowsPathParser.normalize(WindowsPathParser.java:182)
	at java.base/sun.nio.fs.WindowsPathParser.parse(WindowsPathParser.java:153)
	at java.base/sun.nio.fs.WindowsPathParser.parse(WindowsPathParser.java:77)
	at java.base/sun.nio.fs.WindowsPath.parse(WindowsPath.java:92)
	at java.base/sun.nio.fs.WindowsFileSystem.getPath(WindowsFileSystem.java:229)
	at java.base/java.nio.file.Path.of(Path.java:147)
	at java.base/java.nio.file.Paths.get(Paths.java:69)
	at net.thucydides.core.requirements.RootDirectory.getRelativePathOf(RootDirectory.java:360)
	at net.thucydides.core.requirements.FileSystemRequirementsTagProvider.requirementWithMatchingPath(FileSystemRequirementsTagProvider.java:378)
	at net.thucydides.core.requirements.FileSystemRequirementsTagProvider.getParentRequirementOf(FileSystemRequirementsTagProvider.java:341)
	at net.thucydides.core.requirements.ParentRequirementsProvided.forOutcome(ParentRequirementsProvided.java:26)
	at net.thucydides.core.requirements.BaseRequirementsService.getParentRequirementOf(BaseRequirementsService.java:138)
	at net.thucydides.core.requirements.BaseRequirementsService.getAncestorRequirementsFor(BaseRequirementsService.java:78)
	at net.thucydides.core.reports.html.HtmlAcceptanceTestReporter.addBreadcrumbs(HtmlAcceptanceTestReporter.java:201)
	at net.thucydides.core.reports.html.HtmlAcceptanceTestReporter.addParentRequirmentFieldToContext(HtmlAcceptanceTestReporter.java:189)
	at net.thucydides.core.reports.html.HtmlAcceptanceTestReporter.addTestOutcomeToContext(HtmlAcceptanceTestReporter.java:165)
	at net.thucydides.core.reports.html.HtmlAcceptanceTestReporter.generateReportFor(HtmlAcceptanceTestReporter.java:107)
	at net.thucydides.core.reports.ReportService.generateReportFor(ReportService.java:239)
	at net.thucydides.core.reports.ReportService.lambda$generateReportsFor$0(ReportService.java:177)
	at java.base/java.util.concurrent.Executors$RunnableAdapter.call(Executors.java:515)
	at java.base/java.util.concurrent.FutureTask.run(FutureTask.java:264)
	at java.base/java.util.concurrent.ThreadPoolExecutor.runWorker(ThreadPoolExecutor.java:1128)
	at java.base/java.util.concurrent.ThreadPoolExecutor$Worker.run(ThreadPoolExecutor.java:628)
	at java.base/java.lang.Thread.run(Thread.java:830)

18:52:06.744 [pool-2-thread-1] WARN net.thucydides.core.requirements.RequirementsTagProvider - Failed to load requirements: Illegal char <:> at index 4: file:///C:/Users/Arpit%20Goyal/Downloads/IDEMIA/ELedger%20main/EledgerUser/UserBdd/src/test/resources/feature/customers/customers.feature
java.nio.file.InvalidPathException: Illegal char <:> at index 4: file:///C:/Users/Arpit%20Goyal/Downloads/IDEMIA/ELedger%20main/EledgerUser/UserBdd/src/test/resources/feature/customers/customers.feature
	at java.base/sun.nio.fs.WindowsPathParser.normalize(WindowsPathParser.java:182)
	at java.base/sun.nio.fs.WindowsPathParser.parse(WindowsPathParser.java:153)
	at java.base/sun.nio.fs.WindowsPathParser.parse(WindowsPathParser.java:77)
	at java.base/sun.nio.fs.WindowsPath.parse(WindowsPath.java:92)
	at java.base/sun.nio.fs.WindowsFileSystem.getPath(WindowsFileSystem.java:229)
	at java.base/java.nio.file.Path.of(Path.java:147)
	at java.base/java.nio.file.Paths.get(Paths.java:69)
	at net.thucydides.core.requirements.RootDirectory.getRelativePathOf(RootDirectory.java:360)
	at net.thucydides.core.requirements.FileSystemRequirementsTagProvider.requirementWithMatchingPath(FileSystemRequirementsTagProvider.java:378)
	at net.thucydides.core.requirements.FileSystemRequirementsTagProvider.getParentRequirementOf(FileSystemRequirementsTagProvider.java:341)
	at net.thucydides.core.requirements.ParentRequirementsProvided.forOutcome(ParentRequirementsProvided.java:26)
	at net.thucydides.core.requirements.BaseRequirementsService.getParentRequirementOf(BaseRequirementsService.java:138)
	at net.thucydides.core.requirements.BaseRequirementsService.getAncestorRequirementsFor(BaseRequirementsService.java:78)
	at net.thucydides.core.tags.BreadcrumbTagFilter.getRequirementBreadcrumbsFrom(BreadcrumbTagFilter.java:51)
	at net.thucydides.core.reports.html.HtmlAcceptanceTestReporter.addBreadcrumbs(HtmlAcceptanceTestReporter.java:202)
	at net.thucydides.core.reports.html.HtmlAcceptanceTestReporter.addParentRequirmentFieldToContext(HtmlAcceptanceTestReporter.java:189)
	at net.thucydides.core.reports.html.HtmlAcceptanceTestReporter.addTestOutcomeToContext(HtmlAcceptanceTestReporter.java:165)
	at net.thucydides.core.reports.html.HtmlAcceptanceTestReporter.generateReportFor(HtmlAcceptanceTestReporter.java:107)
	at net.thucydides.core.reports.ReportService.generateReportFor(ReportService.java:239)
	at net.thucydides.core.reports.ReportService.lambda$generateReportsFor$0(ReportService.java:177)
	at java.base/java.util.concurrent.Executors$RunnableAdapter.call(Executors.java:515)
	at java.base/java.util.concurrent.FutureTask.run(FutureTask.java:264)
	at java.base/java.util.concurrent.ThreadPoolExecutor.runWorker(ThreadPoolExecutor.java:1128)
	at java.base/java.util.concurrent.ThreadPoolExecutor$Worker.run(ThreadPoolExecutor.java:628)
	at java.base/java.lang.Thread.run(Thread.java:830)

18:52:06.751 [pool-2-thread-1] DEBUG net.thucydides.core.requirements.RequirementsTagProvider -  found:[]

18:52:07.030 [pool-2-thread-1] DEBUG net.thucydides.core.reports.html.HtmlAcceptanceTestReporter - GENERATING HTML REPORT FOR Test All Customer Data Apis:Customer DELETE API to delete customer by Id in b5be86e6630ed62cf29c7f5e24656753439bad5b4e441f28cb11ce08e60d0f50.html in directory target\site\serenity  

18:52:08.043 [pool-2-thread-1] DEBUG net.thucydides.core.reports.html.HtmlAcceptanceTestReporter - Generating report in b5be86e6630ed62cf29c7f5e24656753439bad5b4e441f28cb11ce08e60d0f50.html

18:52:08.840 [pool-2-thread-1] DEBUG net.thucydides.core.requirements.RequirementsTagProvider -  found:[]

18:52:08.922 [pool-2-thread-1] DEBUG net.thucydides.core.reports.html.HtmlAcceptanceTestReporter - Generated report b5be86e6630ed62cf29c7f5e24656753439bad5b4e441f28cb11ce08e60d0f50.html in 879 ms

18:52:08.922 [pool-2-thread-1] DEBUG net.thucydides.core.reports.ReportService - Processing test outcome Test All Customer Data Apis:Customer DELETE API to delete customer by Id done

18:52:08.922 [pool-1-thread-1] DEBUG net.thucydides.core.reports.ReportService - Shutting down executor service

18:52:08.922 [pool-1-thread-1] DEBUG net.thucydides.core.reports.ReportService - Reports generated in: 2272 ms

Feature from file:///C:/Users/Arpit%20Goyal/Downloads/IDEMIA/ELedger%20main/EledgerUser/UserBdd/src/test/resources/feature/customers/customers.feature
18:52:01.604 [pool-1-thread-1] INFO  - 
 _____ _____ ____ _____   ____ _____  _    ____ _____ _____ ____  
|_   _| ____/ ___|_   _| / ___|_   _|/ \  |  _ \_   _| ____|  _ \ 
  | | |  _| \___ \ | |   \___ \ | | / _ \ | |_) || | |  _| | | | |
  | | | |___ ___) || |    ___) || |/ ___ \|  _ < | | | |___| |_| |
  |_| |_____|____/ |_|   |____/ |_/_/   \_\_| \_\|_| |_____|____/ 

Customer DELETE API to delete customer by Id(test-all-customer-data-apis;customer-delete-api-to-delete-customer-by-id)
-------------------------------------------------------------------
18:52:02.601 [pool-1-thread-1] DEBUG net.thucydides.core.steps.StepInterceptor - STARTING STEP: CustomerSteps.IProvideTheIdForCustomerDeleteApi - deleteCustomerById
]]></system-out>
  </testcase>
</testsuite>