-------------------------------------------------------------------------------
Test set: Test Lender Data API
-------------------------------------------------------------------------------
Tests run: 4, Failures: 2, Errors: 0, Skipped: 0, Time elapsed: 2.733 s <<< FAILURE! - in Test Lender Data API
Test Lender Data API.Get Lender by User Id  Time elapsed: 0.592 s  <<< FAILURE!
java.lang.AssertionError: 
1 expectation failed.
Expected status code <200> but was <404>.


Test Lender Data API.Get Lender by non existing User Id  Time elapsed: 0.532 s  <<< FAILURE!
java.lang.AssertionError: 
1 expectation failed.
Expected status code <404> but was <200>.


