-------------------------------------------------------------------------------
Test set: Test All Customer Data Apis
-------------------------------------------------------------------------------
Tests run: 7, Failures: 1, Errors: 0, Skipped: 0, Time elapsed: 8.213 s <<< FAILURE! - in Test All Customer Data Apis
Test All Customer Data Apis.Customer DELETE API to delete customer by Id  Time elapsed: 0.379 s  <<< FAILURE!
java.lang.AssertionError: 
1 expectation failed.
JSON path data doesn't match.
Expected: <true>
  Actual: null


