<?xml version="1.0" encoding="UTF-8"?><testsuite errors="1" failures="0" name="Test All Customer Data Apis" skipped="0" tests="1" time="4.35" timestamp="2020-04-30 06:52:01"><testcase name="Customer DELETE API to delete customer by Id"><error type="java.lang.NullPointerException"/><system-err>null&#13;
in.pune.royforge.eledgerUser.cucumber.serenity.CustomersImpl.deleteCustomerById(CustomersImpl.java:58)&#13;
in.pune.royforge.eledgerUser.cucumber.steps.CustomerSteps.IProvideTheIdForCustomerDeleteApi(CustomerSteps.java:92)&#13;
✽.I provide the id '133' for Customer DELETE API(file:///C:/Users/Arpit%20Goyal/Downloads/IDEMIA/ELedger%20main/EledgerUser/UserBdd/src/test/resources/feature/customers/customers.feature:36)&#13;
</system-err></testcase></testsuite>