<?xml version="1.0" encoding="UTF-8"?><testsuite errors="0" failures="0" name="Test All Customer Data Apis" skipped="0" tests="7" time="10.58" timestamp="2020-05-03 08:19:26"><testcase name="POST API to create new customer"/><testcase name="All Customers GET API to get all customers including deleted"/><testcase name="Customers GET API to get &#9;list of customers"/><testcase name="Customer GET API to get customer by Id"/><testcase name="Customer GET API to get customer by Id that not exist"/><testcase name="Customer DELETE API to delete customer by Id"/><testcase name="Customer DELETE API to delete customer by Id that not exist"/></testsuite>