<?xml version="1.0" encoding="UTF-8"?><testsuite errors="0" failures="2" name="Test Lender Data API" skipped="0" tests="4" time="2.48" timestamp="2020-04-29 05:56:55"><testcase name="POST API to create new Lender"/><testcase name="Get Lenders list"/><testcase name="Get Lender by User Id"><failure message="1 expectation failed.&#10;Expected status code &lt;200&gt; but was &lt;404&gt;.&#10;" type="java.lang.AssertionError">1 expectation failed.
Expected status code &lt;200&gt; but was &lt;404&gt;.
</failure><system-err>1 expectation failed.
Expected status code &lt;200&gt; but was &lt;404&gt;.
&#13;
io.restassured.internal.ResponseSpecificationImpl.validateResponseIfRequired(ResponseSpecificationImpl.groovy:656)&#13;
io.restassured.internal.ResponseSpecificationImpl.statusCode(ResponseSpecificationImpl.groovy:125)&#13;
io.restassured.internal.ResponseSpecificationImpl.statusCode(ResponseSpecificationImpl.groovy:133)&#13;
io.restassured.internal.ValidatableResponseOptionsImpl.statusCode(ValidatableResponseOptionsImpl.java:119)&#13;
in.pune.royforge.eledgerUser.cucumber.serenity.LenderImpl.getLenderByUserId(LenderImpl.java:30)&#13;
in.pune.royforge.eledgerUser.cucumber.steps.LenderSteps.i_have_url_for_and(LenderSteps.java:53)&#13;
✽.I have url for 'userId' and '1002'(file:///C:/Users/Arpit%20Goyal/Downloads/IDEMIA/ELedger%20main/EledgerUser/UserBdd/src/test/resources/feature/lender/lender.feature:18)&#13;
</system-err></testcase><testcase name="Get Lender by non existing User Id"><failure message="1 expectation failed.&#10;Expected status code &lt;404&gt; but was &lt;200&gt;.&#10;" type="java.lang.AssertionError">1 expectation failed.
Expected status code &lt;404&gt; but was &lt;200&gt;.
</failure><system-err>1 expectation failed.
Expected status code &lt;404&gt; but was &lt;200&gt;.
&#13;
io.restassured.internal.ResponseSpecificationImpl.validateResponseIfRequired(ResponseSpecificationImpl.groovy:656)&#13;
io.restassured.internal.ResponseSpecificationImpl.statusCode(ResponseSpecificationImpl.groovy:125)&#13;
io.restassured.internal.ResponseSpecificationImpl.statusCode(ResponseSpecificationImpl.groovy:133)&#13;
io.restassured.internal.ValidatableResponseOptionsImpl.statusCode(ValidatableResponseOptionsImpl.java:119)&#13;
in.pune.royforge.eledgerUser.cucumber.serenity.LenderImpl.getLenderByNonExistingUserId(LenderImpl.java:36)&#13;
in.pune.royforge.eledgerUser.cucumber.steps.LenderSteps.i_have_url_for_with_any_non_existing_user_Id(LenderSteps.java:69)&#13;
✽.I have url for 'userId' with any non existing user-Id(file:///C:/Users/Arpit%20Goyal/Downloads/IDEMIA/ELedger%20main/EledgerUser/UserBdd/src/test/resources/feature/lender/lender.feature:24)&#13;
</system-err></testcase></testsuite>